<?xml version="1.0" encoding="UTF-8"?>
<!-- Generated by org.testng.reporters.JUnitXMLReporter -->
<testsuite hostname="Justas" ignored="0" name="Default test" tests="5" failures="0" timestamp="17 Feb 2020 10:57:09 GMT" time="1.923" errors="0">
  <testcase name="@BeforeClass preconditions" time="0.0" classname="com.TheGoodGuys.DMS1.AdminCreateGroupTest">
    <failure type="org.testng.TestNGException" message="
Parameter &amp;apos;baseURL&amp;apos; is required by BeforeClass on method preconditions but has not been marked @Optional or defined
in /tmp/testng-eclipse-1293045151/testng-customsuite.xml">
      <![CDATA[org.testng.TestNGException: 
Parameter 'baseURL' is required by BeforeClass on method preconditions but has not been marked @Optional or defined
in /tmp/testng-eclipse-1293045151/testng-customsuite.xml
at org.testng.internal.Parameters.createParams(Parameters.java:290)
at org.testng.internal.Parameters.createParametersForMethod(Parameters.java:359)
at org.testng.internal.Parameters.createParameters(Parameters.java:620)
at org.testng.internal.Parameters.createConfigurationParameters(Parameters.java:190)
at org.testng.internal.Invoker.invokeConfigurations(Invoker.java:209)
at org.testng.internal.Invoker.invokeConfigurations(Invoker.java:142)
at org.testng.internal.TestMethodWorker.invokeBeforeClassMethods(TestMethodWorker.java:168)
at org.testng.internal.TestMethodWorker.run(TestMethodWorker.java:105)
at org.testng.TestRunner.privateRun(TestRunner.java:648)
at org.testng.TestRunner.run(TestRunner.java:505)
at org.testng.SuiteRunner.runTest(SuiteRunner.java:455)
at org.testng.SuiteRunner.runSequentially(SuiteRunner.java:450)
at org.testng.SuiteRunner.privateRun(SuiteRunner.java:415)
at org.testng.SuiteRunner.run(SuiteRunner.java:364)
at org.testng.SuiteRunnerWorker.runSuite(SuiteRunnerWorker.java:52)
at org.testng.SuiteRunnerWorker.run(SuiteRunnerWorker.java:84)
at org.testng.TestNG.runSuitesSequentially(TestNG.java:1208)
at org.testng.TestNG.runSuitesLocally(TestNG.java:1137)
at org.testng.TestNG.runSuites(TestNG.java:1049)
at org.testng.TestNG.run(TestNG.java:1017)
at org.testng.remote.AbstractRemoteTestNG.run(AbstractRemoteTestNG.java:115)
at org.testng.remote.RemoteTestNG.initAndRun(RemoteTestNG.java:251)
at org.testng.remote.RemoteTestNG.main(RemoteTestNG.java:77)
]]>
    </failure>
  </testcase> <!-- @BeforeClass preconditions -->
  <testcase name="@AfterClass closeBrowser" time="0.0" classname="resources.test.AbstractTest">
    <skipped/>
  </testcase> <!-- @AfterClass closeBrowser -->
  <testcase name="testToCreateNewGroup" time="0.0" classname="com.TheGoodGuys.DMS1.AdminCreateGroupTest">
    <skipped/>
  </testcase> <!-- testToCreateNewGroup -->
  <testcase name="testToCreateNewGroup" time="0.0" classname="com.TheGoodGuys.DMS1.AdminCreateGroupTest">
    <skipped/>
  </testcase> <!-- testToCreateNewGroup -->
  <testcase name="testToCreateNewGroup" time="0.0" classname="com.TheGoodGuys.DMS1.AdminCreateGroupTest">
    <skipped/>
  </testcase> <!-- testToCreateNewGroup -->
  <testcase name="testToCreateNewGroup" time="0.0" classname="com.TheGoodGuys.DMS1.AdminCreateGroupTest">
    <skipped/>
  </testcase> <!-- testToCreateNewGroup -->
  <testcase name="testToCreateNewGroup" time="0.0" classname="com.TheGoodGuys.DMS1.AdminCreateGroupTest">
    <skipped/>
  </testcase> <!-- testToCreateNewGroup -->
</testsuite> <!-- Default test -->
