<?xml version="1.0" encoding="UTF-8"?>
<!-- Generated by org.testng.reporters.JUnitXMLReporter -->
<testsuite hostname="Justas" ignored="0" name="GroupCreationTest" tests="8" failures="1" timestamp="17 Feb 2020 16:42:35 GMT" time="17.681" errors="0">
  <testcase name="testToCreateNewGroup" time="2.486" classname="com.TheGoodGuys.DMS1.AdminCreateGroupTest"/>
  <testcase name="testToCreateNewGroup" time="2.795" classname="com.TheGoodGuys.DMS1.AdminCreateGroupTest">
    <failure type="java.lang.AssertionError" message="Group name could not be found in the group list">
      <![CDATA[java.lang.AssertionError: Group name could not be found in the group list
at org.hamcrest.MatcherAssert.assertThat(MatcherAssert.java:26)
at com.TheGoodGuys.DMS1.AdminCreateGroupTest.testToCreateNewGroup(AdminCreateGroupTest.java:66)
... Removed 25 stack frames]]>
    </failure>
  </testcase> <!-- testToCreateNewGroup -->
  <testcase name="testToCreateNewGroup" time="2.274" classname="com.TheGoodGuys.DMS1.AdminCreateGroupTest"/>
  <testcase name="testToCreateNewGroup" time="2.436" classname="com.TheGoodGuys.DMS1.AdminCreateGroupTest"/>
  <testcase name="testToCreateNewGroup" time="2.317" classname="com.TheGoodGuys.DMS1.AdminCreateGroupTest"/>
  <testcase name="testToCheckLengthRestrictionsInCreateGroup" time="0.725" classname="com.TheGoodGuys.DMS1.AdminCreateGroupTest"/>
  <testcase name="testToCheckLengthRestrictionsInCreateGroup" time="1.047" classname="com.TheGoodGuys.DMS1.AdminCreateGroupTest"/>
  <testcase name="testToCheckBlankRestrictionsInCreateGroup" time="0.755" classname="com.TheGoodGuys.DMS1.AdminCreateGroupTest"/>
</testsuite> <!-- GroupCreationTest -->
