<?xml version="1.0" encoding="UTF-8"?>
<!-- Generated by org.testng.reporters.JUnitXMLReporter -->
<testsuite hostname="Justas" ignored="0" name="GroupCreationTest" tests="15" failures="1" timestamp="18 Feb 2020 13:56:38 GMT" time="19.177" errors="0">
  <testcase name="testToCreateNewGroup" time="1.506" classname="com.TheGoodGuys.DMS1.AdminCreateGroupTest"/>
  <testcase name="testToCreateNewGroup" time="1.719" classname="com.TheGoodGuys.DMS1.AdminCreateGroupTest">
    <failure type="java.lang.AssertionError" message="Group name could not be found in the group list">
      <![CDATA[java.lang.AssertionError: Group name could not be found in the group list
at org.hamcrest.MatcherAssert.assertThat(MatcherAssert.java:26)
at com.TheGoodGuys.DMS1.AdminCreateGroupTest.testToCreateNewGroup(AdminCreateGroupTest.java:63)
... Removed 25 stack frames]]>
    </failure>
  </testcase> <!-- testToCreateNewGroup -->
  <testcase name="testToCreateNewGroup" time="1.348" classname="com.TheGoodGuys.DMS1.AdminCreateGroupTest"/>
  <testcase name="testToCreateNewGroup" time="1.313" classname="com.TheGoodGuys.DMS1.AdminCreateGroupTest"/>
  <testcase name="testToCreateNewGroup" time="1.3" classname="com.TheGoodGuys.DMS1.AdminCreateGroupTest"/>
  <testcase name="testToCheckLengthRestrictionsInCreateGroup" time="0.694" classname="com.TheGoodGuys.DMS1.AdminCreateGroupTest"/>
  <testcase name="testToCheckLengthRestrictionsInCreateGroup" time="1.04" classname="com.TheGoodGuys.DMS1.AdminCreateGroupTest"/>
  <testcase name="testToCheckBlankRestrictionsInCreateGroup" time="0.733" classname="com.TheGoodGuys.DMS1.AdminCreateGroupTest"/>
  <testcase name="testToCheckCommentLengthRestrictionsInCreateGroup" time="1.557" classname="com.TheGoodGuys.DMS1.AdminCreateGroupTest"/>
  <testcase name="testToCheckSpacialCharsRestrictionsInCreateGroup" time="0.892" classname="com.TheGoodGuys.DMS1.AdminCreateGroupTest"/>
  <testcase name="testToCheckSpacialCharsRestrictionsInCreateGroup" time="0.892" classname="com.TheGoodGuys.DMS1.AdminCreateGroupTest"/>
  <testcase name="testToCheckSpacialCharsRestrictionsInCreateGroup" time="0.802" classname="com.TheGoodGuys.DMS1.AdminCreateGroupTest"/>
  <testcase name="testToCheckSpacialCharsRestrictionsInCreateGroup" time="0.769" classname="com.TheGoodGuys.DMS1.AdminCreateGroupTest"/>
  <testcase name="testToCheckSpacialCharsRestrictionsInCreateGroup" time="0.858" classname="com.TheGoodGuys.DMS1.AdminCreateGroupTest"/>
  <testcase name="testToCheckSpacialCharsRestrictionsInCreateGroup" time="0.819" classname="com.TheGoodGuys.DMS1.AdminCreateGroupTest"/>
</testsuite> <!-- GroupCreationTest -->
