<?xml version="1.0" encoding="UTF-8"?>
<!-- Generated by org.testng.reporters.JUnitXMLReporter -->
<testsuite hostname="Justas" ignored="0" name="GroupCreationTest" tests="2" failures="2" timestamp="2020-02-16T14:00:25 EET" time="5.974" errors="0">
  <testcase name="testToCreateNewGroup" time="0.219" classname="com.TheGoodGuys.DMS1.AdminCreateGroupTest">
    <failure type="org.testng.internal.reflect.MethodMatcherException" message="
[public void com.TheGoodGuys.DMS1.AdminCreateGroupTest.testToCreateNewGroup(resources.models.Group,java.lang.String,java.lang.String) throws java.lang.Exception] has no parameters defined but was found to be using a data provider (either explicitly specified or inherited from class level annotation).
Data provider mismatch
Method: testToCreateNewGroup([Parameter{index=0, type=resources.models.Group, declaredAnnotations=[]}, Parameter{index=1, type=java.lang.String, declaredAnnotations=[]}, Parameter{index=2, type=java.lang.String, declaredAnnotations=[]}])
Arguments: [(resources.models.Group) resources.models.Group@4dc8caa7]">
      <![CDATA[org.testng.internal.reflect.MethodMatcherException: 
[public void com.TheGoodGuys.DMS1.AdminCreateGroupTest.testToCreateNewGroup(resources.models.Group,java.lang.String,java.lang.String) throws java.lang.Exception] has no parameters defined but was found to be using a data provider (either explicitly specified or inherited from class level annotation).
Data provider mismatch
Method: testToCreateNewGroup([Parameter{index=0, type=resources.models.Group, declaredAnnotations=[]}, Parameter{index=1, type=java.lang.String, declaredAnnotations=[]}, Parameter{index=2, type=java.lang.String, declaredAnnotations=[]}])
Arguments: [(resources.models.Group) resources.models.Group@4dc8caa7]
at java.util.ArrayList.forEach(ArrayList.java:1257)
... Removed 22 stack frames]]>
    </failure>
  </testcase> <!-- testToCreateNewGroup -->
  <testcase name="testInvalidUserLogin" time="0.016" classname="com.TheGoodGuys.DMS1.InvalidLoginTest">
    <failure type="org.testng.internal.reflect.MethodMatcherException" message="
[public void com.TheGoodGuys.DMS1.InvalidLoginTest.testInvalidUserLogin(java.lang.String,java.lang.String) throws java.lang.Exception] has no parameters defined but was found to be using a data provider (either explicitly specified or inherited from class level annotation).
Data provider mismatch
Method: testInvalidUserLogin([Parameter{index=0, type=java.lang.String, declaredAnnotations=[]}, Parameter{index=1, type=java.lang.String, declaredAnnotations=[]}])
Arguments: [(resources.models.User) resources.models.User@63fdab07]">
      <![CDATA[org.testng.internal.reflect.MethodMatcherException: 
[public void com.TheGoodGuys.DMS1.InvalidLoginTest.testInvalidUserLogin(java.lang.String,java.lang.String) throws java.lang.Exception] has no parameters defined but was found to be using a data provider (either explicitly specified or inherited from class level annotation).
Data provider mismatch
Method: testInvalidUserLogin([Parameter{index=0, type=java.lang.String, declaredAnnotations=[]}, Parameter{index=1, type=java.lang.String, declaredAnnotations=[]}])
Arguments: [(resources.models.User) resources.models.User@63fdab07]
at java.util.ArrayList.forEach(ArrayList.java:1257)
... Removed 22 stack frames]]>
    </failure>
  </testcase> <!-- testInvalidUserLogin -->
</testsuite> <!-- GroupCreationTest -->
